
> build-storybook
> storybook build --output-dir=/var/folders/c9/dg2f91wn2b39ck4838wt931r0000gn/T/chromatic--56115-Nj4W0GS3L1Cg

[1m@storybook/core v8.6.14
[22m
info => Cleaning outputDir: [36m../../../var/folders/c9/dg2f91wn2b39ck4838wt931r0000gn/T/chromatic--56115-Nj4W0GS3L1Cg[39m
info => Loading presets
info => Building manager..
info => Manager built ([38;2;181;126;229m193 ms[39m)
info => Building preview..
info Addon-docs: using MDX3
info => Using implicit CSS loaders
info => Using default Webpack5 setup
WARN asset size limit: The following asset(s) exceed the recommended size limit (244 KiB).
WARN This can impact web performance.
WARN Assets: 
WARN   735.74c16c1f.iframe.bundle.js (364 KiB)
WARN   1.e65857cf.iframe.bundle.js (930 KiB)
WARN   841.99e838a6.iframe.bundle.js (514 KiB)
WARN   878.6d391f54.iframe.bundle.js (983 KiB)
WARN entrypoint size limit: The following entrypoint(s) combined asset size exceeds the recommended limit (244 KiB). This can impact web performance.
WARN Entrypoints:
WARN   main (526 KiB)
WARN       runtime~main.2bdf22eb.iframe.bundle.js
WARN       841.99e838a6.iframe.bundle.js
WARN       main.417be60e.iframe.bundle.js
WARN 
info => Preview built ([38;2;181;126;229m14 s[39m)
info => Output directory: /var/folders/c9/dg2f91wn2b39ck4838wt931r0000gn/T/chromatic--56115-Nj4W0GS3L1Cg
